d:\учёба\c++\gametry\gametry\debug\vc140.pdb
d:\учёба\c++\gametry\gametry\debug\vc140.idb
d:\учёба\c++\gametry\gametry\debug\main.obj
d:\учёба\c++\gametry\gametry\debug\player.obj
d:\учёба\c++\gametry\gametry\debug\entity.obj
d:\учёба\c++\gametry\gametry\debug\enemy.obj
d:\учёба\c++\gametry\gametry\debug\level.obj
d:\учёба\c++\gametry\gametry\debug\tinystr.obj
d:\учёба\c++\gametry\gametry\debug\tinyxml.obj
d:\учёба\c++\gametry\gametry\debug\tinyxmlerror.obj
d:\учёба\c++\gametry\gametry\debug\tinyxmlparser.obj
d:\учёба\c++\gametry\gametry\debug\movingplatform.obj
d:\учёба\c++\gametry\gametry\debug\bullet.obj
d:\учёба\c++\gametry\gametry\debug\animation.obj
d:\учёба\c++\gametry\debug\gametry.pdb
d:\учёба\c++\gametry\gametry\debug\gametry.tlog\cl.command.1.tlog
d:\учёба\c++\gametry\gametry\debug\gametry.tlog\cl.read.1.tlog
d:\учёба\c++\gametry\gametry\debug\gametry.tlog\cl.write.1.tlog
d:\учёба\c++\gametry\gametry\debug\gametry.tlog\link-cvtres.read.1.tlog
d:\учёба\c++\gametry\gametry\debug\gametry.tlog\link-cvtres.write.1.tlog
d:\учёба\c++\gametry\gametry\debug\gametry.tlog\link-rc.read.1.tlog
d:\учёба\c++\gametry\gametry\debug\gametry.tlog\link-rc.write.1.tlog
d:\учёба\c++\gametry\gametry\debug\gametry.tlog\link.7644-cvtres.read.1.tlog
d:\учёба\c++\gametry\gametry\debug\gametry.tlog\link.7644-cvtres.write.1.tlog
d:\учёба\c++\gametry\gametry\debug\gametry.tlog\link.7644-rc.read.1.tlog
d:\учёба\c++\gametry\gametry\debug\gametry.tlog\link.7644-rc.write.1.tlog
d:\учёба\c++\gametry\gametry\debug\gametry.tlog\link.7644.read.1.tlog
d:\учёба\c++\gametry\gametry\debug\gametry.tlog\link.7644.write.1.tlog
d:\учёба\c++\gametry\gametry\debug\gametry.tlog\link.command.1.tlog
d:\учёба\c++\gametry\gametry\debug\gametry.tlog\link.read.1.tlog
d:\учёба\c++\gametry\gametry\debug\gametry.tlog\link.write.1.tlog
